<?xml version="1.0" encoding="UTF-8"?>
<testng-results skipped="0" failed="0" ignored="0" total="1" passed="1">
  <reporter-output>
  </reporter-output>
  <suite name="Default suite" duration-ms="106049" started-at="2021-01-12T21:22:34Z" finished-at="2021-01-12T21:24:21Z">
    <groups>
    </groups>
    <test name="Default test" duration-ms="106049" started-at="2021-01-12T21:22:34Z" finished-at="2021-01-12T21:24:21Z">
      <class name="com.IRCTC.TestCases.IRCTC_001_User_Registration">
        <test-method status="PASS" signature="LaunchBrowser()[pri:0, instance:com.IRCTC.TestCases.IRCTC_001_User_Registration@5700d6b1]" name="LaunchBrowser" is-config="true" duration-ms="20017" started-at="2021-01-12T21:22:34Z" finished-at="2021-01-12T21:22:54Z">
          <reporter-output>
          </reporter-output>
        </test-method> <!-- LaunchBrowser -->
        <test-method status="PASS" signature="userregistration()[pri:0, instance:com.IRCTC.TestCases.IRCTC_001_User_Registration@5700d6b1]" name="userregistration" duration-ms="85957" started-at="2021-01-12T21:22:55Z" finished-at="2021-01-12T21:24:20Z">
          <reporter-output>
          </reporter-output>
        </test-method> <!-- userregistration -->
      </class> <!-- com.IRCTC.TestCases.IRCTC_001_User_Registration -->
    </test> <!-- Default test -->
  </suite> <!-- Default suite -->
</testng-results>
